Arguments: 
  /Users/ctoddlombardo/.nvm/versions/node/v12.19.0/bin/node /usr/local/Cellar/yarn/1.22.4/libexec/bin/yarn.js add mm-react tools

PATH: 
  /Users/ctoddlombardo/.rvm/gems/ruby-2.4.3/bin:/Users/ctoddlombardo/.rvm/gems/ruby-2.4.3@global/bin:/Users/ctoddlombardo/.rvm/rubies/ruby-2.4.3/bin:/Users/ctoddlombardo/.nvm/versions/node/v12.19.0/bin:/Users/ctoddlombardo/.bin:/Library/Frameworks/Python.framework/Versions/3.8/bin:/usr/local/bin:/usr/bin:/bin:/usr/sbin:/sbin:/Library/Apple/usr/bin:/Users/ctoddlombardo/.rvm/gems/ruby-2.4.3/bin:/Users/ctoddlombardo/.rvm/gems/ruby-2.4.3@global/bin:/Users/ctoddlombardo/.rvm/rubies/ruby-2.4.3/bin:/Users/ctoddlombardo/.bin:/Library/Frameworks/Python.framework/Versions/3.8/bin:/Users/ctoddlombardo/.rvm/bin:/Users/ctoddlombardo/.rvm/bin

Yarn version: 
  1.22.4

Node version: 
  12.19.0

Platform: 
  darwin x64

Trace: 
  Error: https://registry.yarnpkg.com/mm-react: Not found
      at Request.params.callback [as _callback] (/usr/local/Cellar/yarn/1.22.4/libexec/lib/cli.js:66987:18)
      at Request.self.callback (/usr/local/Cellar/yarn/1.22.4/libexec/lib/cli.js:140748:22)
      at Request.emit (events.js:314:20)
      at Request.<anonymous> (/usr/local/Cellar/yarn/1.22.4/libexec/lib/cli.js:141720:10)
      at Request.emit (events.js:314:20)
      at IncomingMessage.<anonymous> (/usr/local/Cellar/yarn/1.22.4/libexec/lib/cli.js:141642:12)
      at Object.onceWrapper (events.js:420:28)
      at IncomingMessage.emit (events.js:326:22)
      at endReadableNT (_stream_readable.js:1223:12)
      at processTicksAndRejections (internal/process/task_queues.js:84:21)

npm manifest: 
  {
    "name": "activity-log",
    "version": "0.1.0",
    "private": true,
    "dependencies": {
      "bootstrap-css-only": "^3.3.7",
      "chroma-js": "^1.3.5",
      "d3": "^4.12.2",
      "moment": "^2.20.1",
      "react": "^15.6.2",
      "react-dom": "^15.6.2",
      "react-fa": "^4.2.0",
      "react-render-html": "^0.1.6",
      "react-router": "^3.2.0",
      "react-scripts": "^1.0.17"
    },
    "scripts": {
      "start": "react-scripts start",
      "build": "react-scripts build",
      "test": "react-scripts test --env=jsdom",
      "eject": "react-scripts eject"
    },
    "homepage": "http://tany.kim/quantify-your-year",
    "browserslist": {
      "production": [
        ">0.2%",
        "not dead",
        "not op_mini all"
      ],
      "development": [
        "last 1 chrome version",
        "last 1 firefox version",
        "last 1 safari version"
      ]
    }
  }

yarn manifest: 
  No manifest

Lockfile: 
  No lockfile
